[debug] [2022-02-15T19:23:40.126Z] ----------------------------------------------------------------------
[debug] [2022-02-15T19:23:40.128Z] Command:       C:\Program Files\nodejs\node.exe C:\Users\Msi\AppData\Roaming\npm\node_modules\firebase-tools\lib\bin\firebase.js init hosting
[debug] [2022-02-15T19:23:40.129Z] CLI Version:   10.2.0
[debug] [2022-02-15T19:23:40.129Z] Platform:      win32
[debug] [2022-02-15T19:23:40.129Z] Node Version:  v16.13.0
[debug] [2022-02-15T19:23:40.130Z] Time:          Wed Feb 16 2022 00:53:40 GMT+0530 (India Standard Time)
[debug] [2022-02-15T19:23:40.130Z] ----------------------------------------------------------------------
[debug] 
[debug] [2022-02-15T19:23:40.137Z] > command requires scopes: ["email","openid","https://www.googleapis.com/auth/cloudplatformprojects.readonly","https://www.googleapis.com/auth/firebase","https://www.googleapis.com/auth/cloud-platform"]
[debug] [2022-02-15T19:23:40.137Z] > authorizing via signed-in user (vedanttbitw@gmail.com)
[info] 
     ######## #### ########  ######## ########     ###     ######  ########
     ##        ##  ##     ## ##       ##     ##  ##   ##  ##       ##
     ######    ##  ########  ######   ########  #########  ######  ######
     ##        ##  ##    ##  ##       ##     ## ##     ##       ## ##
     ##       #### ##     ## ######## ########  ##     ##  ######  ########

You're about to initialize a Firebase project in this directory:

  C:\Users\Msi\Desktop\training\firebase\crud

[info] 
=== Project Setup
[info] 
[info] First, let's associate this project directory with a Firebase project.
[info] You can create multiple project aliases by running firebase use --add, 
[info] but for now we'll just set up a default project.
[info] 
[debug] [2022-02-15T19:23:51.201Z] >>> [apiv2][query] GET https://firebase.googleapis.com/v1beta1/projects pageSize=100
[debug] [2022-02-15T19:23:51.988Z] <<< [apiv2][status] GET https://firebase.googleapis.com/v1beta1/projects 200
[debug] [2022-02-15T19:23:51.988Z] <<< [apiv2][body] GET https://firebase.googleapis.com/v1beta1/projects [omitted]
[info] i  Using project blog-cfd77 (blog) 
[info] 
=== Hosting Setup
[info] 
[info] Your public directory is the folder (relative to your project directory) that
[info] will contain Hosting assets to be uploaded with firebase deploy. If you
[info] have a build process for your assets, use your build's output directory.
[info] 
